INFO:     Will watch for changes in these directories: ['/Users/romaisa/Desktop/crypto/Cryptocurrency-Time-Series-Forecasting-Volatility-Modeling']
INFO:     Uvicorn running on http://0.0.0.0:8000 (Press CTRL+C to quit)
INFO:     Started reloader process [25019] using StatReload
🚀 Starting Cryptocurrency Forecasting API...
📊 Available endpoints:
  - GET  / : API information
  - GET  /health : Health check
  - POST /forecast : Get forecasts
  - GET  /metrics/{crypto} : Get model metrics
  - GET  /historical/{crypto} : Get historical analysis
  - GET  /compare : Compare models
  - GET  /cache/status : Cache status
  - DELETE /cache/clear : Clear cache

🌐 API will be available at: http://localhost:8000
📖 API documentation at: http://localhost:8000/docs
🔧 Interactive docs at: http://localhost:8000/redoc

============================================================
Process SpawnProcess-1:
Traceback (most recent call last):
  File "/Library/Frameworks/Python.framework/Versions/3.11/lib/python3.11/multiprocessing/process.py", line 314, in _bootstrap
    self.run()
  File "/Library/Frameworks/Python.framework/Versions/3.11/lib/python3.11/multiprocessing/process.py", line 108, in run
    self._target(*self._args, **self._kwargs)
  File "/Users/romaisa/Desktop/crypto/Cryptocurrency-Time-Series-Forecasting-Volatility-Modeling/venv/lib/python3.11/site-packages/uvicorn/_subprocess.py", line 80, in subprocess_started
    target(sockets=sockets)
  File "/Users/romaisa/Desktop/crypto/Cryptocurrency-Time-Series-Forecasting-Volatility-Modeling/venv/lib/python3.11/site-packages/uvicorn/server.py", line 67, in run
    return asyncio_run(self.serve(sockets=sockets), loop_factory=self.config.get_loop_factory())
           ^^^^^^^^^^^^^^^^^^^^^^^^^^^^^^^^^^^^^^^^^^^^^^^^^^^^^^^^^^^^^^^^^^^^^^^^^^^^^^^^^^^^^
  File "/Users/romaisa/Desktop/crypto/Cryptocurrency-Time-Series-Forecasting-Volatility-Modeling/venv/lib/python3.11/site-packages/uvicorn/_compat.py", line 23, in asyncio_run
    return runner.run(main)
           ^^^^^^^^^^^^^^^^
  File "/Library/Frameworks/Python.framework/Versions/3.11/lib/python3.11/asyncio/runners.py", line 118, in run
    return self._loop.run_until_complete(task)
           ^^^^^^^^^^^^^^^^^^^^^^^^^^^^^^^^^^^
  File "/Library/Frameworks/Python.framework/Versions/3.11/lib/python3.11/asyncio/base_events.py", line 653, in run_until_complete
    return future.result()
           ^^^^^^^^^^^^^^^
  File "/Users/romaisa/Desktop/crypto/Cryptocurrency-Time-Series-Forecasting-Volatility-Modeling/venv/lib/python3.11/site-packages/uvicorn/server.py", line 71, in serve
    await self._serve(sockets)
  File "/Users/romaisa/Desktop/crypto/Cryptocurrency-Time-Series-Forecasting-Volatility-Modeling/venv/lib/python3.11/site-packages/uvicorn/server.py", line 78, in _serve
    config.load()
  File "/Users/romaisa/Desktop/crypto/Cryptocurrency-Time-Series-Forecasting-Volatility-Modeling/venv/lib/python3.11/site-packages/uvicorn/config.py", line 438, in load
    self.loaded_app = import_from_string(self.app)
                      ^^^^^^^^^^^^^^^^^^^^^^^^^^^^
  File "/Users/romaisa/Desktop/crypto/Cryptocurrency-Time-Series-Forecasting-Volatility-Modeling/venv/lib/python3.11/site-packages/uvicorn/importer.py", line 19, in import_from_string
    module = importlib.import_module(module_str)
             ^^^^^^^^^^^^^^^^^^^^^^^^^^^^^^^^^^^
  File "/Library/Frameworks/Python.framework/Versions/3.11/lib/python3.11/importlib/__init__.py", line 126, in import_module
    return _bootstrap._gcd_import(name[level:], package, level)
           ^^^^^^^^^^^^^^^^^^^^^^^^^^^^^^^^^^^^^^^^^^^^^^^^^^^^
  File "<frozen importlib._bootstrap>", line 1204, in _gcd_import
  File "<frozen importlib._bootstrap>", line 1176, in _find_and_load
  File "<frozen importlib._bootstrap>", line 1147, in _find_and_load_unlocked
  File "<frozen importlib._bootstrap>", line 690, in _load_unlocked
  File "<frozen importlib._bootstrap_external>", line 940, in exec_module
  File "<frozen importlib._bootstrap>", line 241, in _call_with_frames_removed
  File "/Users/romaisa/Desktop/crypto/Cryptocurrency-Time-Series-Forecasting-Volatility-Modeling/src/api.py", line 17, in <module>
    from main import (
  File "/Users/romaisa/Desktop/crypto/Cryptocurrency-Time-Series-Forecasting-Volatility-Modeling/src/main.py", line 6, in <module>
    from pmdarima import auto_arima
  File "/Users/romaisa/Desktop/crypto/Cryptocurrency-Time-Series-Forecasting-Volatility-Modeling/venv/lib/python3.11/site-packages/pmdarima/__init__.py", line 52, in <module>
    from .arima import auto_arima, ARIMA, AutoARIMA, StepwiseContext, decompose
  File "/Users/romaisa/Desktop/crypto/Cryptocurrency-Time-Series-Forecasting-Volatility-Modeling/venv/lib/python3.11/site-packages/pmdarima/arima/__init__.py", line 5, in <module>
    from .approx import *
  File "/Users/romaisa/Desktop/crypto/Cryptocurrency-Time-Series-Forecasting-Volatility-Modeling/venv/lib/python3.11/site-packages/pmdarima/arima/approx.py", line 9, in <module>
    from ..utils.array import c, check_endog
  File "/Users/romaisa/Desktop/crypto/Cryptocurrency-Time-Series-Forecasting-Volatility-Modeling/venv/lib/python3.11/site-packages/pmdarima/utils/__init__.py", line 5, in <module>
    from .array import *
  File "/Users/romaisa/Desktop/crypto/Cryptocurrency-Time-Series-Forecasting-Volatility-Modeling/venv/lib/python3.11/site-packages/pmdarima/utils/array.py", line 13, in <module>
    from ._array import C_intgrt_vec
  File "pmdarima/utils/_array.pyx", line 1, in init pmdarima.utils._array
ValueError: numpy.dtype size changed, may indicate binary incompatibility. Expected 96 from C header, got 88 from PyObject
INFO:     Stopping reloader process [25019]
